This is pdfTeX, Version 3.14159265-2.6-1.40.16 (TeX Live 2015/Debian) (preloaded format=pdflatex 2018.10.23)  19 FEB 2020 19:11
entering extended mode
 restricted \write18 enabled.
 %&-line parsing enabled.
**linuxMultimedia.tex
(./linuxMultimedia.tex
LaTeX2e <2016/02/01>
Babel <3.9q> and hyphenation patterns for 3 language(s) loaded.
(/usr/share/texlive/texmf-dist/tex/latex/koma-script/scrbook.cls
Document Class: scrbook 2015/10/03 v3.19a KOMA-Script document class (book)
(/usr/share/texlive/texmf-dist/tex/latex/koma-script/scrkbase.sty
Package: scrkbase 2015/10/03 v3.19a KOMA-Script package (KOMA-Script-dependent 
basics and keyval usage)

(/usr/share/texlive/texmf-dist/tex/latex/koma-script/scrbase.sty
Package: scrbase 2015/10/03 v3.19a KOMA-Script package (KOMA-Script-independent
 basics and keyval usage)

(/usr/share/texlive/texmf-dist/tex/latex/graphics/keyval.sty
Package: keyval 2014/10/28 v1.15 key=value parser (DPC)
\KV@toks@=\toks14
)
(/usr/share/texlive/texmf-dist/tex/latex/koma-script/scrlfile.sty
Package: scrlfile 2015/10/03 v3.19a KOMA-Script package (loading files)

Package scrlfile, 2015/10/03 v3.19a KOMA-Script package (loading files)
                  Copyright (C) Markus Kohm

))) (/usr/share/texlive/texmf-dist/tex/latex/koma-script/tocbasic.sty
Package: tocbasic 2015/10/03 v3.19a KOMA-Script package (handling toc-files)
)
Package tocbasic Info: omitting babel extension for `toc'
(tocbasic)             because of feature `nobabel' available
(tocbasic)             for `toc' on input line 125.
Package tocbasic Info: omitting babel extension for `lof'
(tocbasic)             because of feature `nobabel' available
(tocbasic)             for `lof' on input line 126.
Package tocbasic Info: omitting babel extension for `lot'
(tocbasic)             because of feature `nobabel' available
(tocbasic)             for `lot' on input line 127.
Package tocbasic Info: defining new hook before heading of `' on input line 158
4.
Class scrbook Info: You've used standard option `oneside'.
(scrbook)           This is correct!
(scrbook)           Internally I'm using `twoside=false'.
(scrbook)           If you'd like to set the option with \KOMAoptions,
(scrbook)           you'd have to use `twoside=false' there
(scrbook)           instead of `oneside', too.
Class scrbook Info: File `scrsize11pt.clo' used instead of
(scrbook)           file `scrsize11.clo' to setup font sizes on input line 2251
.

(/usr/share/texlive/texmf-dist/tex/latex/koma-script/scrsize11pt.clo
File: scrsize11pt.clo 2015/10/03 v3.19a KOMA-Script font size class option (11p
t)
)
(/usr/share/texlive/texmf-dist/tex/latex/koma-script/typearea.sty
Package: typearea 2015/10/03 v3.19a KOMA-Script package (type area)

Package typearea, 2015/10/03 v3.19a KOMA-Script package (type area)
                  Copyright (C) Frank Neukam, 1992-1994
                  Copyright (C) Markus Kohm, 1994-

\ta@bcor=\skip41
\ta@div=\count79
Package typearea Info: You've used standard option `oneside'.
(typearea)             This is correct!
(typearea)             Internally I'm using `twoside=false'.
(typearea)             If you'd like to set the option with \KOMAoptions,
(typearea)             you'd have to use `twoside=false' there
(typearea)             instead of `oneside', too.
\ta@hblk=\skip42
\ta@vblk=\skip43
\ta@temp=\skip44
\footheight=\skip45
Package typearea Info: These are the values describing the layout:
(typearea)             DIV  = 10
(typearea)             BCOR = 0.0pt
(typearea)             \paperwidth      = 597.50793pt
(typearea)              \textwidth      = 418.25555pt
(typearea)              DIV departure   = -6%
(typearea)              \evensidemargin = 17.3562pt
(typearea)              \oddsidemargin  = 17.3562pt
(typearea)             \paperheight     = 845.04694pt
(typearea)              \textheight     = 595.80026pt
(typearea)              \topmargin      = -25.16531pt
(typearea)              \headheight     = 17.0pt
(typearea)              \headsep        = 20.40001pt
(typearea)              \topskip        = 11.0pt
(typearea)              \footskip       = 47.6pt
(typearea)              \baselineskip   = 13.6pt
(typearea)              on input line 1509.
)
\c@part=\count80
\c@chapter=\count81
\c@section=\count82
\c@subsection=\count83
\c@subsubsection=\count84
\c@paragraph=\count85
\c@subparagraph=\count86
LaTeX Info: Redefining \textsubscript on input line 4654.
\abovecaptionskip=\skip46
\belowcaptionskip=\skip47
\c@pti@nb@sid@b@x=\box26
\c@figure=\count87
\c@table=\count88
\bibindent=\dimen102
) (/usr/share/texlive/texmf-dist/tex/latex/base/fontenc.sty
Package: fontenc 2005/09/27 v1.99g Standard LaTeX package

(/usr/share/texlive/texmf-dist/tex/latex/base/t1enc.def
File: t1enc.def 2005/09/27 v1.99g Standard LaTeX file
LaTeX Font Info:    Redeclaring font encoding T1 on input line 48.
))
(/usr/share/texlive/texmf-dist/tex/latex/base/inputenc.sty
Package: inputenc 2015/03/17 v1.2c Input encoding file
\inpenc@prehook=\toks15
\inpenc@posthook=\toks16

(/usr/share/texlive/texmf-dist/tex/latex/base/latin9.def
File: latin9.def 2015/03/17 v1.2c Input encoding file
))
(/usr/share/texlive/texmf-dist/tex/latex/graphics/graphicx.sty
Package: graphicx 2014/10/28 v1.0g Enhanced LaTeX Graphics (DPC,SPQR)

(/usr/share/texlive/texmf-dist/tex/latex/graphics/graphics.sty
Package: graphics 2016/01/03 v1.0q Standard LaTeX Graphics (DPC,SPQR)

(/usr/share/texlive/texmf-dist/tex/latex/graphics/trig.sty
Package: trig 2016/01/03 v1.10 sin cos tan (DPC)
)
(/usr/share/texlive/texmf-dist/tex/latex/latexconfig/graphics.cfg
File: graphics.cfg 2010/04/23 v1.9 graphics configuration of TeX Live
)
Package graphics Info: Driver file: pdftex.def on input line 95.

(/usr/share/texlive/texmf-dist/tex/latex/pdftex-def/pdftex.def
File: pdftex.def 2011/05/27 v0.06d Graphics/color for pdfTeX

(/usr/share/texlive/texmf-dist/tex/generic/oberdiek/infwarerr.sty
Package: infwarerr 2010/04/08 v1.3 Providing info/warning/error messages (HO)
)
(/usr/share/texlive/texmf-dist/tex/generic/oberdiek/ltxcmds.sty
Package: ltxcmds 2011/11/09 v1.22 LaTeX kernel commands for general use (HO)
)
\Gread@gobject=\count89
))
\Gin@req@height=\dimen103
\Gin@req@width=\dimen104
)
(/usr/share/texlive/texmf-dist/tex/latex/hyperref/hyperref.sty
Package: hyperref 2012/11/06 v6.83m Hypertext links for LaTeX

(/usr/share/texlive/texmf-dist/tex/generic/oberdiek/hobsub-hyperref.sty
Package: hobsub-hyperref 2012/05/28 v1.13 Bundle oberdiek, subset hyperref (HO)


(/usr/share/texlive/texmf-dist/tex/generic/oberdiek/hobsub-generic.sty
Package: hobsub-generic 2012/05/28 v1.13 Bundle oberdiek, subset generic (HO)
Package: hobsub 2012/05/28 v1.13 Construct package bundles (HO)
Package hobsub Info: Skipping package `infwarerr' (already loaded).
Package hobsub Info: Skipping package `ltxcmds' (already loaded).
Package: ifluatex 2010/03/01 v1.3 Provides the ifluatex switch (HO)
Package ifluatex Info: LuaTeX not detected.
Package: ifvtex 2010/03/01 v1.5 Detect VTeX and its facilities (HO)
Package ifvtex Info: VTeX not detected.
Package: intcalc 2007/09/27 v1.1 Expandable calculations with integers (HO)
Package: ifpdf 2011/01/30 v2.3 Provides the ifpdf switch (HO)
Package ifpdf Info: pdfTeX in PDF mode is detected.
Package: etexcmds 2011/02/16 v1.5 Avoid name clashes with e-TeX commands (HO)
Package etexcmds Info: Could not find \expanded.
(etexcmds)             That can mean that you are not using pdfTeX 1.50 or
(etexcmds)             that some package has redefined \expanded.
(etexcmds)             In the latter case, load this package earlier.
Package: kvsetkeys 2012/04/25 v1.16 Key value parser (HO)
Package: kvdefinekeys 2011/04/07 v1.3 Define keys (HO)
Package: pdftexcmds 2011/11/29 v0.20 Utility functions of pdfTeX for LuaTeX (HO
)
Package pdftexcmds Info: LuaTeX not detected.
Package pdftexcmds Info: \pdf@primitive is available.
Package pdftexcmds Info: \pdf@ifprimitive is available.
Package pdftexcmds Info: \pdfdraftmode found.
Package: pdfescape 2011/11/25 v1.13 Implements pdfTeX's escape features (HO)
Package: bigintcalc 2012/04/08 v1.3 Expandable calculations on big integers (HO
)
Package: bitset 2011/01/30 v1.1 Handle bit-vector datatype (HO)
Package: uniquecounter 2011/01/30 v1.2 Provide unlimited unique counter (HO)
)
Package hobsub Info: Skipping package `hobsub' (already loaded).
Package: letltxmacro 2010/09/02 v1.4 Let assignment for LaTeX macros (HO)
Package: hopatch 2012/05/28 v1.2 Wrapper for package hooks (HO)
Package: xcolor-patch 2011/01/30 xcolor patch
Package: atveryend 2011/06/30 v1.8 Hooks at the very end of document (HO)
Package atveryend Info: \enddocument detected (standard20110627).
Package: atbegshi 2011/10/05 v1.16 At begin shipout hook (HO)
Package: refcount 2011/10/16 v3.4 Data extraction from label references (HO)
Package: hycolor 2011/01/30 v1.7 Color options for hyperref/bookmark (HO)
)
(/usr/share/texlive/texmf-dist/tex/generic/ifxetex/ifxetex.sty
Package: ifxetex 2010/09/12 v0.6 Provides ifxetex conditional
)
(/usr/share/texlive/texmf-dist/tex/latex/oberdiek/auxhook.sty
Package: auxhook 2011/03/04 v1.3 Hooks for auxiliary files (HO)
)
(/usr/share/texlive/texmf-dist/tex/latex/oberdiek/kvoptions.sty
Package: kvoptions 2011/06/30 v3.11 Key value format for package options (HO)
)
\@linkdim=\dimen105
\Hy@linkcounter=\count90
\Hy@pagecounter=\count91

(/usr/share/texlive/texmf-dist/tex/latex/hyperref/pd1enc.def
File: pd1enc.def 2012/11/06 v6.83m Hyperref: PDFDocEncoding definition (HO)
)
\Hy@SavedSpaceFactor=\count92

(/usr/share/texlive/texmf-dist/tex/latex/latexconfig/hyperref.cfg
File: hyperref.cfg 2002/06/06 v1.2 hyperref configuration of TeXLive
)
Package hyperref Info: Hyper figures OFF on input line 4443.
Package hyperref Info: Link nesting OFF on input line 4448.
Package hyperref Info: Hyper index ON on input line 4451.
Package hyperref Info: Plain pages OFF on input line 4458.
Package hyperref Info: Backreferencing OFF on input line 4463.
Package hyperref Info: Implicit mode ON; LaTeX internals redefined.
Package hyperref Info: Bookmarks ON on input line 4688.
\c@Hy@tempcnt=\count93

(/usr/share/texlive/texmf-dist/tex/latex/url/url.sty
\Urlmuskip=\muskip10
Package: url 2013/09/16  ver 3.4  Verb mode for urls, etc.
)
LaTeX Info: Redefining \url on input line 5041.
\XeTeXLinkMargin=\dimen106
\Fld@menulength=\count94
\Field@Width=\dimen107
\Fld@charsize=\dimen108
Package hyperref Info: Hyper figures OFF on input line 6295.
Package hyperref Info: Link nesting OFF on input line 6300.
Package hyperref Info: Hyper index ON on input line 6303.
Package hyperref Info: backreferencing OFF on input line 6310.
Package hyperref Info: Link coloring OFF on input line 6315.
Package hyperref Info: Link coloring with OCG OFF on input line 6320.
Package hyperref Info: PDF/A mode OFF on input line 6325.
LaTeX Info: Redefining \ref on input line 6365.
LaTeX Info: Redefining \pageref on input line 6369.
\Hy@abspage=\count95
\c@Item=\count96
\c@Hfootnote=\count97
)

Package hyperref Message: Driver (autodetected): hpdftex.

(/usr/share/texlive/texmf-dist/tex/latex/hyperref/hpdftex.def
File: hpdftex.def 2012/11/06 v6.83m Hyperref driver for pdfTeX
\Fld@listcount=\count98
\c@bookmark@seq@number=\count99

(/usr/share/texlive/texmf-dist/tex/latex/oberdiek/rerunfilecheck.sty
Package: rerunfilecheck 2011/04/15 v1.7 Rerun checks for auxiliary files (HO)
Package uniquecounter Info: New unique counter `rerunfilecheck' on input line 2
82.
)
\Hy@SectionHShift=\skip48
)
(/usr/share/texlive/texmf-dist/tex/generic/babel/babel.sty
Package: babel 2016/02/24 3.9q The Babel package

(/usr/share/texlive/texmf-dist/tex/generic/babel-english/english.ldf
Language: english 2012/08/20 v3.3p English support from the babel system

(/usr/share/texlive/texmf-dist/tex/generic/babel/babel.def
File: babel.def 2016/02/24 3.9q Babel common definitions
\babel@savecnt=\count100
\U@D=\dimen109
)
\l@british = a dialect from \language\l@english 
\l@UKenglish = a dialect from \language\l@english 
\l@canadian = a dialect from \language\l@american 
\l@australian = a dialect from \language\l@british 
\l@newzealand = a dialect from \language\l@british 
))
(/usr/share/texlive/texmf-dist/tex/latex/listings/listings.sty
\lst@mode=\count101
\lst@gtempboxa=\box27
\lst@token=\toks17
\lst@length=\count102
\lst@currlwidth=\dimen110
\lst@column=\count103
\lst@pos=\count104
\lst@lostspace=\dimen111
\lst@width=\dimen112
\lst@newlines=\count105
\lst@lineno=\count106
\lst@maxwidth=\dimen113

(/usr/share/texlive/texmf-dist/tex/latex/listings/lstmisc.sty
File: lstmisc.sty 2015/06/04 1.6 (Carsten Heinz)
\c@lstnumber=\count107
\lst@skipnumbers=\count108
\lst@framebox=\box28
)
(/usr/share/texlive/texmf-dist/tex/latex/listings/listings.cfg
File: listings.cfg 2015/06/04 1.6 listings configuration
))
Package: listings 2015/06/04 1.6 (Carsten Heinz)

(./linuxMultimedia.aux

LaTeX Warning: Label `fig:jack-settings' multiply defined.

)
\openout1 = `linuxMultimedia.aux'.

LaTeX Font Info:    Checking defaults for OML/cmm/m/it on input line 34.
LaTeX Font Info:    ... okay on input line 34.
LaTeX Font Info:    Checking defaults for T1/cmr/m/n on input line 34.
LaTeX Font Info:    ... okay on input line 34.
LaTeX Font Info:    Checking defaults for OT1/cmr/m/n on input line 34.
LaTeX Font Info:    ... okay on input line 34.
LaTeX Font Info:    Checking defaults for OMS/cmsy/m/n on input line 34.
LaTeX Font Info:    ... okay on input line 34.
LaTeX Font Info:    Checking defaults for OMX/cmex/m/n on input line 34.
LaTeX Font Info:    ... okay on input line 34.
LaTeX Font Info:    Checking defaults for U/cmr/m/n on input line 34.
LaTeX Font Info:    ... okay on input line 34.
LaTeX Font Info:    Checking defaults for PD1/pdf/m/n on input line 34.
LaTeX Font Info:    ... okay on input line 34.
 (/usr/share/texlive/texmf-dist/tex/context/base/supp-pdf.mkii
[Loading MPS to PDF converter (version 2006.09.02).]
\scratchcounter=\count109
\scratchdimen=\dimen114
\scratchbox=\box29
\nofMPsegments=\count110
\nofMParguments=\count111
\everyMPshowfont=\toks18
\MPscratchCnt=\count112
\MPscratchDim=\dimen115
\MPnumerator=\count113
\makeMPintoPDFobject=\count114
\everyMPtoPDFconversion=\toks19
) (/usr/share/texlive/texmf-dist/tex/latex/oberdiek/epstopdf-base.sty
Package: epstopdf-base 2010/02/09 v2.5 Base part for package epstopdf

(/usr/share/texlive/texmf-dist/tex/latex/oberdiek/grfext.sty
Package: grfext 2010/08/19 v1.1 Manage graphics extensions (HO)
)
Package grfext Info: Graphics extension search list:
(grfext)             [.png,.pdf,.jpg,.mps,.jpeg,.jbig2,.jb2,.PNG,.PDF,.JPG,.JPE
G,.JBIG2,.JB2,.eps]
(grfext)             \AppendGraphicsExtensions on input line 452.

(/usr/share/texlive/texmf-dist/tex/latex/latexconfig/epstopdf-sys.cfg
File: epstopdf-sys.cfg 2010/07/13 v1.3 Configuration of (r)epstopdf for TeX Liv
e
))
\AtBeginShipoutBox=\box30
Package hyperref Info: Link coloring OFF on input line 34.

(/usr/share/texlive/texmf-dist/tex/latex/hyperref/nameref.sty
Package: nameref 2012/10/27 v2.43 Cross-referencing by name of section

(/usr/share/texlive/texmf-dist/tex/generic/oberdiek/gettitlestring.sty
Package: gettitlestring 2010/12/03 v1.4 Cleanup title references (HO)
)
\c@section@level=\count115
)
LaTeX Info: Redefining \ref on input line 34.
LaTeX Info: Redefining \pageref on input line 34.
LaTeX Info: Redefining \nameref on input line 34.

(./linuxMultimedia.out) (./linuxMultimedia.out)
\@outlinefile=\write3
\openout3 = `linuxMultimedia.out'.

\c@lstlisting=\count116
LaTeX Font Info:    Try loading font information for T1+cmss on input line 40.

(/usr/share/texlive/texmf-dist/tex/latex/base/t1cmss.fd
File: t1cmss.fd 2014/09/29 v2.5h Standard LaTeX font definitions
)
LaTeX Font Info:    External font `cmex10' loaded for size
(Font)              <14.4> on input line 40.
LaTeX Font Info:    External font `cmex10' loaded for size
(Font)              <7> on input line 40.
 [1



{/var/lib/texmf/fonts/map/pdftex/updmap/pdftex.map}] [2


] (./linuxMultimedia.toc
LaTeX Font Info:    External font `cmex10' loaded for size
(Font)              <10.95> on input line 3.
LaTeX Font Info:    External font `cmex10' loaded for size
(Font)              <8> on input line 3.
LaTeX Font Info:    External font `cmex10' loaded for size
(Font)              <6> on input line 3.
 [3


] [4] [5]
[6]
Overfull \hbox (2.7858pt too wide) detected at line 172
\T1/cmr/m/n/10.95 45.10. 
 []


Overfull \hbox (2.7858pt too wide) detected at line 173
\T1/cmr/m/n/10.95 45.11. 
 []

)
\tf@toc=\write4
\openout4 = `linuxMultimedia.toc'.

 [7]
chapter 1.

Class scrbook Warning: \float@addtolists detected!
(scrbook)              Implementation of \float@addtolist became
(scrbook)              deprecated in KOMA-Script v3.01 2008/11/14 and
(scrbook)              has been replaced by several more flexible
(scrbook)              features of package `tocbasic`.
(scrbook)              Since Version 3.12 support for deprecated
(scrbook)              \float@addtolist interface has been
(scrbook)              restricted to only some of the KOMA-Script
(scrbook)              features and been removed from others.
(scrbook)              Loading of package `scrhack' may help to
(scrbook)              avoid this warning, if you are using a
(scrbook)              a package that still implements the
(scrbook)              deprecated \float@addtolist interface .

! Misplaced alignment tab character &.
l.52 ....google.co.uk/citations?user=dQ7RURYAAAAJ&
                                                  hl=en). As I just finished...

? 
LaTeX Font Info:    Try loading font information for T1+cmtt on input line 52.
(/usr/share/texlive/texmf-dist/tex/latex/base/t1cmtt.fd
File: t1cmtt.fd 2014/09/29 v2.5h Standard LaTeX font definitions
)
Overfull \hbox (7.34018pt too wide) in paragraph at lines 52--53
\T1/cmr/m/n/10.95 Press []$\T1/cmtt/m/n/10.95 www . oreilly . com / openbook/$[
] \T1/cmr/m/n/10.95 or No Starch Press (https://nostarch.com/writeforus).
 []

[8


]
Overfull \hbox (13.94841pt too wide) in paragraph at lines 55--60
\T1/cmr/m/n/10.95 to apps than a pro-gram-ming guide. - Pakt 2017 linux sound b
ook, []$\T1/cmtt/m/n/10.95 www . safaribooksonline .
 []

[9]
Package hyperref Info: bookmark level for unknown lstlisting defaults to 0 on i
nput line 76.
 (./snips/cmake/tutorial.cpp) (./snips/cmake/CMakeLists.txt)
Overfull \hbox (1.90723pt too wide) in paragraph at lines 89--90
\T1/cmr/m/n/10.95 ject and ex-e-cutable files. The names of stad-nard li-brarie
s are stored in (/usr/share/cmake-
 []

[10] [11]
part I.
Package scrkbase Info: You've told me to use the font selection of the element
(scrkbase)             `partprefix' that is an alias of element `partnumber'
(scrkbase)              on input line 90.
[12


]
chapter 2.
[13


]
Overfull \hbox (7.77347pt too wide) in paragraph at lines 112--113
\T1/cmtt/m/n/10.95 700 _ guide & num = 1 ) ;KhronosSIPRisaproposedopenGPUISA.$[
] \T1/cmr/m/n/10.95 The DRM may be open source
 []

[14] [15] <figs/graphicsStack.png, id=931, 597.73312pt x 626.34pt>
File: figs/graphicsStack.png Graphic file (type png)

<use figs/graphicsStack.png>
Package pdftex.def Info: figs/graphicsStack.png used on input line 137.
(pdftex.def)             Requested size: 199.16928pt x 208.69983pt.

Overfull \hbox (116.70245pt too wide) in paragraph at lines 143--144
[][]$\T1/cmtt/m/n/10.95 https : / / blogs . igalia . com / itoral / 2014 / 07 /
 29 / a-[]brief-[]introduction-[]to-[]the-[]linux-[]graphics-[]stack/$[] 
 []

[16 <./figs/graphicsStack.png>]
chapter 3.

Package hyperref Warning: Difference (2) between bookmark levels is greater 
(hyperref)                than one, level fixed on input line 155.

(./snips/sdl_gl/sdlgl.cpp [17


] [18] [19] [20] [21] [22])
(./snips/sdl_gl/CMakeLists.txt)
! Missing $ inserted.
<inserted text> 
                $
l.166 ...struct (http://sdl.beuc.net/sdl.wiki/SDL_
                                                  Surface):
? 
! Missing $ inserted.
<inserted text> 
                $
l.167 
      
? 
(./snips/sdl_image_texture/test.cpp [23] [24]) (./snips/gl_video_texture.cpp
[25] [26]
Overfull \hbox (5.89209pt too wide) in paragraph at lines 83--84
[][] 
 []

)
Overfull \hbox (45.69652pt too wide) in paragraph at lines 180--181
[]\T1/cmr/m/n/10.95 How OpenGL works in-ten-r-nall: graph-ics pipeline: https:/
/fgiesen.wordpress.com/2011/07/01/a-
 []

[27] [28]
chapter 4.

! Package Listings Error: File `/home/charles/Dropbox/linuxMultimedia/snips/sdl
ImageBlit/lesson01(.cpp)' not found.

Type X to quit or <RETURN> to proceed,
or enter new name. (Default extension: cpp)

Enter file name: 
[29


]
chapter 5.
[30


]
chapter 6.
! Misplaced alignment tab character &.
l.218 https://www.youtube.com/watch?v=hkOuBvbvxSo&
                                                  index=1&list=PLrEZShA-NGC9...

? 
! Misplaced alignment tab character &.
l.218 ....youtube.com/watch?v=hkOuBvbvxSo&index=1&
                                                  list=PLrEZShA-NGC9IIpq9cht...

? 
! Missing $ inserted.
<inserted text> 
                $
l.218 ...vxSo&index=1&list=PLrEZShA-NGC9IIpq9chta_
                                                  PKAnEjJGe8q
? 
! Missing $ inserted.
<inserted text> 
                $
l.219 
      
? 

Overfull \hbox (141.07437pt too wide) in paragraph at lines 217--219
[]\T1/cmr/m/n/10.95 from: https://www.youtube.com/watch?v=hkOuBvbvxSoindex=1lis
t=PLrEZShA-NGC9IIpq9chta$[]\OML/cmm/m/it/10.95 KAnEjJGe\OT1/cmr/m/n/10.95 8\OML
/cmm/m/it/10.95 q$ 
 []

[31


]
chapter 7.
(./snips/openCVcppCMake/videoWrite.cpp [32


])
(./snips/openCVcppCMake/CMakeLists.txt) [33]
chapter 8.
<figs/BMPfileFormat.png, id=1529, 642.4pt x 1337.99875pt>
File: figs/BMPfileFormat.png Graphic file (type png)

<use figs/BMPfileFormat.png>
Package pdftex.def Info: figs/BMPfileFormat.png used on input line 264.
(pdftex.def)             Requested size: 199.16928pt x 414.83658pt.
 [34


] [35 <./figs/BMPfileFormat.png>]
chapter 9.

Overfull \hbox (19.40497pt too wide) in paragraph at lines 310--312
[]\T1/cmr/m/n/10.95 from: https://stackoverflow.com/questions/27733704/how-is-w
ebgl-or-cuda-code-actually-
 []


Overfull \hbox (274.98894pt too wide) in paragraph at lines 313--315
[]\T1/cmr/m/n/10.95 to pass GPU bi-nary via a CL func-tion: https://www.khronos
.org/registry/OpenCL/sdk/1.0/docs/man/xhtml/clCreateProgramWithBinary.html 
 []

[36


] (./snips/cl/go.cpp [37] [38]) (./snips/cl/CMakeLists.txt) [39]
chapter 10.
[40


]
chapter 11.
(./snips/postscript/test.ps) [41


] (./snips/pdfcut/pdfcut_cmd)
(./snips/postscript/test.svg) [42] (./snips/postscript/cairo/test1.cpp [43])

! Package Listings Error: File `snips/postscript/cairo/test1(.py)' not found.

Type X to quit or <RETURN> to proceed,
or enter new name. (Default extension: py)

Enter file name: 

! Package Listings Error: File `snips/postscript/cairo-gtk/cairo-gtk(.py)' not 
found.

Type X to quit or <RETURN> to proceed,
or enter new name. (Default extension: py)

Enter file name: 
[44]
part II.
Package scrkbase Info: You've told me to use the font selection of the element
(scrkbase)             `partprefix' that is an alias of element `partnumber'
(scrkbase)              on input line 412.
[45


]
chapter 12.
[46


]
chapter 13.
<figs/linuxaudiosystem-studio.pdf, id=1796, 597.23125pt x 654.445pt>
File: figs/linuxaudiosystem-studio.pdf Graphic file (type pdf)

<use figs/linuxaudiosystem-studio.pdf>
Package pdftex.def Info: figs/linuxaudiosystem-studio.pdf used on input line 43
4.
(pdftex.def)             Requested size: 418.25555pt x 458.32806pt.


Class scrbook Warning: Usage of deprecated font command `\tt'!
(scrbook)              You should note, that in 1994 font command `\tt' has
(scrbook)              been defined for compatiblitiy to Script 2.0 only.
(scrbook)              Now, after two decades of LaTeX2e and NFSS2, you
(scrbook)              shouldn't use such commands any longer and within
(scrbook)              KOMA-Script usage of `\tt' is definitely deprecated.
(scrbook)              See `fntguide.pdf' for more information about
(scrbook)              recommended font commands.
(scrbook)              Note also, that KOMA-Script will remove the definition
(scrbook)              of `\tt' anytime until release of about version 3.20.
(scrbook)              But for now, KOMA-Script will replace deprecated `\tt'
(scrbook)              by `\mathtt ' on input line 441.

[47


] [48 <./figs/linuxaudiosystem-studio.pdf>]

! Package inputenc Error: Keyboard character used is undefined
(inputenc)                in inputencoding `latin9'.

See the inputenc package documentation for explanation.
Type  H <return>  for immediate help.
 ...                                              
                                                  
l.458 ...lp with related work such as supplying ‚Ä
                                                  úphantom‚Äù power to devic...

? 

! Package inputenc Error: Keyboard character used is undefined
(inputenc)                in inputencoding `latin9'.

See the inputenc package documentation for explanation.
Type  H <return>  for immediate help.
 ...                                              
                                                  
l.458 ...p with related work such as supplying ‚Äú
                                                  phantom‚Äù power to device...

? 

! Package inputenc Error: Keyboard character used is undefined
(inputenc)                in inputencoding `latin9'.

See the inputenc package documentation for explanation.
Type  H <return>  for immediate help.
 ...                                              
                                                  
l.458 ...lated work such as supplying ‚Äúphantom‚Ä
                                                  ù power to devices.) One i...

? 

! Package inputenc Error: Keyboard character used is undefined
(inputenc)                in inputencoding `latin9'.

See the inputenc package documentation for explanation.
Type  H <return>  for immediate help.
 ...                                              
                                                  
l.458 ...ated work such as supplying ‚Äúphantom‚Äù
                                                   power to devices.) One is...

? 

! Package inputenc Error: Keyboard character used is undefined
(inputenc)                in inputencoding `latin9'.

See the inputenc package documentation for explanation.
Type  H <return>  for immediate help.
 ...                                              
                                                  
l.458 ...n that all devices have three sockets, ‚Ä
                                                  úin‚Äù, ‚Äúout‚Äù, and ‚Äú...

? 

! Package inputenc Error: Keyboard character used is undefined
(inputenc)                in inputencoding `latin9'.

See the inputenc package documentation for explanation.
Type  H <return>  for immediate help.
 ...                                              
                                                  
l.458 ... that all devices have three sockets, ‚Äú
                                                  in‚Äù, ‚Äúout‚Äù, and ‚Äút...

? 

! Package inputenc Error: Keyboard character used is undefined
(inputenc)                in inputencoding `latin9'.

See the inputenc package documentation for explanation.
Type  H <return>  for immediate help.
 ...                                              
                                                  
l.458 ...t all devices have three sockets, ‚Äúin‚Ä
                                                  ù, ‚Äúout‚Äù, and ‚Äúthru‚...

? 

! Package inputenc Error: Keyboard character used is undefined
(inputenc)                in inputencoding `latin9'.

See the inputenc package documentation for explanation.
Type  H <return>  for immediate help.
 ...                                              
                                                  
l.458 ... all devices have three sockets, ‚Äúin‚Äù
                                                  , ‚Äúout‚Äù, and ‚Äúthru‚Ä...

? 

! Package inputenc Error: Keyboard character used is undefined
(inputenc)                in inputencoding `latin9'.

See the inputenc package documentation for explanation.
Type  H <return>  for immediate help.
 ...                                              
                                                  
l.458 ... devices have three sockets, ‚Äúin‚Äù, ‚Ä
                                                  úout‚Äù, and ‚Äúthru‚Äù, w...

? 

! Package inputenc Error: Keyboard character used is undefined
(inputenc)                in inputencoding `latin9'.

See the inputenc package documentation for explanation.
Type  H <return>  for immediate help.
 ...                                              
                                                  
l.458 ...devices have three sockets, ‚Äúin‚Äù, ‚Äú
                                                  out‚Äù, and ‚Äúthru‚Äù, wh...

? 

! Package inputenc Error: Keyboard character used is undefined
(inputenc)                in inputencoding `latin9'.

See the inputenc package documentation for explanation.
Type  H <return>  for immediate help.
 ...                                              
                                                  
l.458 ...es have three sockets, ‚Äúin‚Äù, ‚Äúout‚Ä
                                                  ù, and ‚Äúthru‚Äù, where ‚...

? 

! Package inputenc Error: Keyboard character used is undefined
(inputenc)                in inputencoding `latin9'.

See the inputenc package documentation for explanation.
Type  H <return>  for immediate help.
 ...                                              
                                                  
l.458 ...s have three sockets, ‚Äúin‚Äù, ‚Äúout‚Äù
                                                  , and ‚Äúthru‚Äù, where ‚Ä...

? 

! Package inputenc Error: Keyboard character used is undefined
(inputenc)                in inputencoding `latin9'.

See the inputenc package documentation for explanation.
Type  H <return>  for immediate help.
 ...                                              
                                                  
l.458 ...hree sockets, ‚Äúin‚Äù, ‚Äúout‚Äù, and ‚Ä
                                                  úthru‚Äù, where ‚Äúthru‚Äù...

? 

! Package inputenc Error: Keyboard character used is undefined
(inputenc)                in inputencoding `latin9'.

See the inputenc package documentation for explanation.
Type  H <return>  for immediate help.
 ...                                              
                                                  
l.458 ...ree sockets, ‚Äúin‚Äù, ‚Äúout‚Äù, and ‚Äú
                                                  thru‚Äù, where ‚Äúthru‚Äù ...

? 

! Package inputenc Error: Keyboard character used is undefined
(inputenc)                in inputencoding `latin9'.

See the inputenc package documentation for explanation.
Type  H <return>  for immediate help.
 ...                                              
                                                  
l.458 ...ckets, ‚Äúin‚Äù, ‚Äúout‚Äù, and ‚Äúthru‚Ä
                                                  ù, where ‚Äúthru‚Äù relays...

? 

! Package inputenc Error: Keyboard character used is undefined
(inputenc)                in inputencoding `latin9'.

See the inputenc package documentation for explanation.
Type  H <return>  for immediate help.
 ...                                              
                                                  
l.458 ...kets, ‚Äúin‚Äù, ‚Äúout‚Äù, and ‚Äúthru‚Äù
                                                  , where ‚Äúthru‚Äù relays ...

? 

! Package inputenc Error: Keyboard character used is undefined
(inputenc)                in inputencoding `latin9'.

See the inputenc package documentation for explanation.
Type  H <return>  for immediate help.
 ...                                              
                                                  
l.458 ...n‚Äù, ‚Äúout‚Äù, and ‚Äúthru‚Äù, where ‚Ä
                                                  úthru‚Äù relays all ‚Äúin‚...

? 

! Package inputenc Error: Keyboard character used is undefined
(inputenc)                in inputencoding `latin9'.

See the inputenc package documentation for explanation.
Type  H <return>  for immediate help.
 ...                                              
                                                  
l.458 ...‚Äù, ‚Äúout‚Äù, and ‚Äúthru‚Äù, where ‚Äú
                                                  thru‚Äù relays all ‚Äúin‚Ä...

? 

! Package inputenc Error: Keyboard character used is undefined
(inputenc)                in inputencoding `latin9'.

See the inputenc package documentation for explanation.
Type  H <return>  for immediate help.
 ...                                              
                                                  
l.458 ...Äúout‚Äù, and ‚Äúthru‚Äù, where ‚Äúthru‚Ä
                                                  ù relays all ‚Äúin‚Äù mess...

? 

! Package inputenc Error: Keyboard character used is undefined
(inputenc)                in inputencoding `latin9'.

See the inputenc package documentation for explanation.
Type  H <return>  for immediate help.
 ...                                              
                                                  
l.458 ...úout‚Äù, and ‚Äúthru‚Äù, where ‚Äúthru‚Äù
                                                   relays all ‚Äúin‚Äù messa...

? 

! Package inputenc Error: Keyboard character used is undefined
(inputenc)                in inputencoding `latin9'.

See the inputenc package documentation for explanation.
Type  H <return>  for immediate help.
 ...                                              
                                                  
l.458 ...Äúthru‚Äù, where ‚Äúthru‚Äù relays all ‚Ä
                                                  úin‚Äù messages to the nex...

? 

! Package inputenc Error: Keyboard character used is undefined
(inputenc)                in inputencoding `latin9'.

See the inputenc package documentation for explanation.
Type  H <return>  for immediate help.
 ...                                              
                                                  
l.458 ...úthru‚Äù, where ‚Äúthru‚Äù relays all ‚Äú
                                                  in‚Äù messages to the next...

? 

! Package inputenc Error: Keyboard character used is undefined
(inputenc)                in inputencoding `latin9'.

See the inputenc package documentation for explanation.
Type  H <return>  for immediate help.
 ...                                              
                                                  
l.458 ...u‚Äù, where ‚Äúthru‚Äù relays all ‚Äúin‚Ä
                                                  ù messages to the next dev...

? 

! Package inputenc Error: Keyboard character used is undefined
(inputenc)                in inputencoding `latin9'.

See the inputenc package documentation for explanation.
Type  H <return>  for immediate help.
 ...                                              
                                                  
l.458 ...‚Äù, where ‚Äúthru‚Äù relays all ‚Äúin‚Äù
                                                   messages to the next devi...

? 

! Package inputenc Error: Keyboard character used is undefined
(inputenc)                in inputencoding `latin9'.

See the inputenc package documentation for explanation.
Type  H <return>  for immediate help.
 ...                                              
                                                  
l.458 ... other hardware adapters can merge the ‚Ä
                                                  úout‚Äù messages from seve...

? 

! Package inputenc Error: Keyboard character used is undefined
(inputenc)                in inputencoding `latin9'.

See the inputenc package documentation for explanation.
Type  H <return>  for immediate help.
 ...                                              
                                                  
l.458 ...other hardware adapters can merge the ‚Äú
                                                  out‚Äù messages from sever...

? 

! Package inputenc Error: Keyboard character used is undefined
(inputenc)                in inputencoding `latin9'.

See the inputenc package documentation for explanation.
Type  H <return>  for immediate help.
 ...                                              
                                                  
l.458 ... hardware adapters can merge the ‚Äúout‚Ä
                                                  ù messages from several de...

? 

! Package inputenc Error: Keyboard character used is undefined
(inputenc)                in inputencoding `latin9'.

See the inputenc package documentation for explanation.
Type  H <return>  for immediate help.
 ...                                              
                                                  
l.458 ...hardware adapters can merge the ‚Äúout‚Äù
                                                   messages from several dev...

? 

! Package inputenc Error: Keyboard character used is undefined
(inputenc)                in inputencoding `latin9'.

See the inputenc package documentation for explanation.
Type  H <return>  for immediate help.
 ...                                              
                                                  
l.458 ...all messages are 8-bit words (known as ‚Ä
                                                  úMIDI bytes‚Äù), transmitt...

? 

! Package inputenc Error: Keyboard character used is undefined
(inputenc)                in inputencoding `latin9'.

See the inputenc package documentation for explanation.
Type  H <return>  for immediate help.
 ...                                              
                                                  
l.458 ...ll messages are 8-bit words (known as ‚Äú
                                                  MIDI bytes‚Äù), transmitte...

? 

! Package inputenc Error: Keyboard character used is undefined
(inputenc)                in inputencoding `latin9'.

See the inputenc package documentation for explanation.
Type  H <return>  for immediate help.
 ...                                              
                                                  
l.458 ...are 8-bit words (known as ‚ÄúMIDI bytes‚Ä
                                                  ù), transmitted similarly ...

? 

! Package inputenc Error: Keyboard character used is undefined
(inputenc)                in inputencoding `latin9'.

See the inputenc package documentation for explanation.
Type  H <return>  for immediate help.
 ...                                              
                                                  
l.458 ...re 8-bit words (known as ‚ÄúMIDI bytes‚Äù
                                                  ), transmitted similarly t...

? 
[49] [50]
chapter 14.
[51


] [52]
chapter 15.
(./snips/alsa/audioout.c [53


] [54] [55] [56]) [57] [58]
chapter 16.
[59


] [60]
chapter 17.
[61


]
chapter 18.
[62


]

Class scrbook Warning: Usage of deprecated font command `\tt'!
(scrbook)              You should note, that in 1994 font command `\tt' has
(scrbook)              been defined for compatiblitiy to Script 2.0 only.
(scrbook)              Now, after two decades of LaTeX2e and NFSS2, you
(scrbook)              shouldn't use such commands any longer and within
(scrbook)              KOMA-Script usage of `\tt' is definitely deprecated.
(scrbook)              See `fntguide.pdf' for more information about
(scrbook)              recommended font commands.
(scrbook)              Note also, that KOMA-Script will remove the definition
(scrbook)              of `\tt' anytime until release of about version 3.20.
(scrbook)              But for now, KOMA-Script will replace deprecated `\tt'
(scrbook)              by `\normalfont \ttfamily ' on input line 660.


Class scrbook Warning: Usage of deprecated font command `\tt'!
(scrbook)              You should note, that in 1994 font command `\tt' has
(scrbook)              been defined for compatiblitiy to Script 2.0 only.
(scrbook)              Now, after two decades of LaTeX2e and NFSS2, you
(scrbook)              shouldn't use such commands any longer and within
(scrbook)              KOMA-Script usage of `\tt' is definitely deprecated.
(scrbook)              See `fntguide.pdf' for more information about
(scrbook)              recommended font commands.
(scrbook)              Note also, that KOMA-Script will remove the definition
(scrbook)              of `\tt' anytime until release of about version 3.20.
(scrbook)              But for now, KOMA-Script will replace deprecated `\tt'
(scrbook)              by `\normalfont \ttfamily ' on input line 660.


Class scrbook Warning: Usage of deprecated font command `\tt'!
(scrbook)              You should note, that in 1994 font command `\tt' has
(scrbook)              been defined for compatiblitiy to Script 2.0 only.
(scrbook)              Now, after two decades of LaTeX2e and NFSS2, you
(scrbook)              shouldn't use such commands any longer and within
(scrbook)              KOMA-Script usage of `\tt' is definitely deprecated.
(scrbook)              See `fntguide.pdf' for more information about
(scrbook)              recommended font commands.
(scrbook)              Note also, that KOMA-Script will remove the definition
(scrbook)              of `\tt' anytime until release of about version 3.20.
(scrbook)              But for now, KOMA-Script will replace deprecated `\tt'
(scrbook)              by `\normalfont \ttfamily ' on input line 660.


Class scrbook Warning: Usage of deprecated font command `\tt'!
(scrbook)              You should note, that in 1994 font command `\tt' has
(scrbook)              been defined for compatiblitiy to Script 2.0 only.
(scrbook)              Now, after two decades of LaTeX2e and NFSS2, you
(scrbook)              shouldn't use such commands any longer and within
(scrbook)              KOMA-Script usage of `\tt' is definitely deprecated.
(scrbook)              See `fntguide.pdf' for more information about
(scrbook)              recommended font commands.
(scrbook)              Note also, that KOMA-Script will remove the definition
(scrbook)              of `\tt' anytime until release of about version 3.20.
(scrbook)              But for now, KOMA-Script will replace deprecated `\tt'
(scrbook)              by `\normalfont \ttfamily ' on input line 660.


Class scrbook Warning: Usage of deprecated font command `\tt'!
(scrbook)              You should note, that in 1994 font command `\tt' has
(scrbook)              been defined for compatiblitiy to Script 2.0 only.
(scrbook)              Now, after two decades of LaTeX2e and NFSS2, you
(scrbook)              shouldn't use such commands any longer and within
(scrbook)              KOMA-Script usage of `\tt' is definitely deprecated.
(scrbook)              See `fntguide.pdf' for more information about
(scrbook)              recommended font commands.
(scrbook)              Note also, that KOMA-Script will remove the definition
(scrbook)              of `\tt' anytime until release of about version 3.20.
(scrbook)              But for now, KOMA-Script will replace deprecated `\tt'
(scrbook)              by `\normalfont \ttfamily ' on input line 660.


Class scrbook Warning: Usage of deprecated font command `\tt'!
(scrbook)              You should note, that in 1994 font command `\tt' has
(scrbook)              been defined for compatiblitiy to Script 2.0 only.
(scrbook)              Now, after two decades of LaTeX2e and NFSS2, you
(scrbook)              shouldn't use such commands any longer and within
(scrbook)              KOMA-Script usage of `\tt' is definitely deprecated.
(scrbook)              See `fntguide.pdf' for more information about
(scrbook)              recommended font commands.
(scrbook)              Note also, that KOMA-Script will remove the definition
(scrbook)              of `\tt' anytime until release of about version 3.20.
(scrbook)              But for now, KOMA-Script will replace deprecated `\tt'
(scrbook)              by `\normalfont \ttfamily ' on input line 662.


Class scrbook Warning: Usage of deprecated font command `\tt'!
(scrbook)              You should note, that in 1994 font command `\tt' has
(scrbook)              been defined for compatiblitiy to Script 2.0 only.
(scrbook)              Now, after two decades of LaTeX2e and NFSS2, you
(scrbook)              shouldn't use such commands any longer and within
(scrbook)              KOMA-Script usage of `\tt' is definitely deprecated.
(scrbook)              See `fntguide.pdf' for more information about
(scrbook)              recommended font commands.
(scrbook)              Note also, that KOMA-Script will remove the definition
(scrbook)              of `\tt' anytime until release of about version 3.20.
(scrbook)              But for now, KOMA-Script will replace deprecated `\tt'
(scrbook)              by `\normalfont \ttfamily ' on input line 662.


Class scrbook Warning: Usage of deprecated font command `\tt'!
(scrbook)              You should note, that in 1994 font command `\tt' has
(scrbook)              been defined for compatiblitiy to Script 2.0 only.
(scrbook)              Now, after two decades of LaTeX2e and NFSS2, you
(scrbook)              shouldn't use such commands any longer and within
(scrbook)              KOMA-Script usage of `\tt' is definitely deprecated.
(scrbook)              See `fntguide.pdf' for more information about
(scrbook)              recommended font commands.
(scrbook)              Note also, that KOMA-Script will remove the definition
(scrbook)              of `\tt' anytime until release of about version 3.20.
(scrbook)              But for now, KOMA-Script will replace deprecated `\tt'
(scrbook)              by `\normalfont \ttfamily ' on input line 664.


Class scrbook Warning: Usage of deprecated font command `\tt'!
(scrbook)              You should note, that in 1994 font command `\tt' has
(scrbook)              been defined for compatiblitiy to Script 2.0 only.
(scrbook)              Now, after two decades of LaTeX2e and NFSS2, you
(scrbook)              shouldn't use such commands any longer and within
(scrbook)              KOMA-Script usage of `\tt' is definitely deprecated.
(scrbook)              See `fntguide.pdf' for more information about
(scrbook)              recommended font commands.
(scrbook)              Note also, that KOMA-Script will remove the definition
(scrbook)              of `\tt' anytime until release of about version 3.20.
(scrbook)              But for now, KOMA-Script will replace deprecated `\tt'
(scrbook)              by `\normalfont \ttfamily ' on input line 666.


Class scrbook Warning: Usage of deprecated font command `\tt'!
(scrbook)              You should note, that in 1994 font command `\tt' has
(scrbook)              been defined for compatiblitiy to Script 2.0 only.
(scrbook)              Now, after two decades of LaTeX2e and NFSS2, you
(scrbook)              shouldn't use such commands any longer and within
(scrbook)              KOMA-Script usage of `\tt' is definitely deprecated.
(scrbook)              See `fntguide.pdf' for more information about
(scrbook)              recommended font commands.
(scrbook)              Note also, that KOMA-Script will remove the definition
(scrbook)              of `\tt' anytime until release of about version 3.20.
(scrbook)              But for now, KOMA-Script will replace deprecated `\tt'
(scrbook)              by `\normalfont \ttfamily ' on input line 670.


Class scrbook Warning: Usage of deprecated font command `\tt'!
(scrbook)              You should note, that in 1994 font command `\tt' has
(scrbook)              been defined for compatiblitiy to Script 2.0 only.
(scrbook)              Now, after two decades of LaTeX2e and NFSS2, you
(scrbook)              shouldn't use such commands any longer and within
(scrbook)              KOMA-Script usage of `\tt' is definitely deprecated.
(scrbook)              See `fntguide.pdf' for more information about
(scrbook)              recommended font commands.
(scrbook)              Note also, that KOMA-Script will remove the definition
(scrbook)              of `\tt' anytime until release of about version 3.20.
(scrbook)              But for now, KOMA-Script will replace deprecated `\tt'
(scrbook)              by `\normalfont \ttfamily ' on input line 674.

<figs/jack-settings.png, id=2121, 697.60625pt x 574.145pt>
File: figs/jack-settings.png Graphic file (type png)

<use figs/jack-settings.png>
Package pdftex.def Info: figs/jack-settings.png used on input line 680.
(pdftex.def)             Requested size: 418.25555pt x 344.2356pt.

<figs/jack-connect.png, id=2122, 768.8725pt x 820.06375pt>
File: figs/jack-connect.png Graphic file (type png)

<use figs/jack-connect.png>
Package pdftex.def Info: figs/jack-connect.png used on input line 687.
(pdftex.def)             Requested size: 418.25555pt x 446.10628pt.

<figs/ardour.png, id=2123, 1269.74374pt x 935.495pt>
File: figs/ardour.png Graphic file (type png)
 <use figs/ardour.png>
Package pdftex.def Info: figs/ardour.png used on input line 694.
(pdftex.def)             Requested size: 418.25555pt x 308.1576pt.

! You can't use `macro parameter character #' in vertical mode.
l.715 	#
        NB sampled audio goes out of the MAUDIO through  hw:1,1.  That's non...

? 
! You can't use `macro parameter character #' in vertical mode.
l.717 	#
        2015: on XPS machine -- need hw2,0 OUTPUT and hw2,1 INPUT (different...

? 
[63] [64 <./figs/jack-settings.png>] [65 <./figs/jack-connect.png>] [66 <./figs
/ardour.png>]
chapter 19.
[67


]
chapter 20.
[68


] [69] (./snips/lilypond/test.ly [70] [71]) [72] [73]
chapter 21.
[74


]
chapter 22.
[75


]
chapter 23.
[76


]
chapter 24.
[77


]
part III.
Package scrkbase Info: You've told me to use the font selection of the element
(scrkbase)             `partprefix' that is an alias of element `partnumber'
(scrkbase)              on input line 940.
[78


]
chapter 25.
[79


]
chapter 26.

Overfull \hbox (134.52489pt too wide) in paragraph at lines 975--976
[]\T1/cmr/m/n/10.95 eg to set im-age size and codec: v4l2-ctl --device=/dev/vid
eo0 --set-fmt-video=width=800,height=600,pixelformat=1 
 []


Overfull \hbox (177.52052pt too wide) in paragraph at lines 981--982
[]\T1/cmr/m/n/10.95 ask for avail-able frame rates: v4l2-ctl --device=/dev/vide
o0 --list-frameintervals=width=640,height=480,pixelformat=YUYV 
 []

[80


]
chapter 27.
[81


] [82]
chapter 28.
[83


]
chapter 29.
[84


] [85]
! Missing $ inserted.
<inserted text> 
                $
l.1255 OpenCV3 only and must be built with -DWITH_
                                                  GSTREAMER=ON. (Is not in R...

? 
! Missing $ inserted.
<inserted text> 
                $
l.1257 
       
? 

Overfull \hbox (11.53183pt too wide) in paragraph at lines 1255--1257
\OML/cmm/m/it/10.95 OpenCVwhichbasicallykillsthisforrobotics:\OT1/cmr/m/n/10.95
 )\OML/cmm/m/it/10.95 cv\OT1/cmr/m/n/10.95 2\OML/cmm/m/it/10.95 :VideoCapture\O
T1/cmr/m/n/10.95 ("\OML/cmm/m/it/10.95 autovideosrc\OT1/cmr/m/n/10.95 !\OML/cmm
/m/it/10.95 appsink\OT1/cmr/m/n/10.95 ")$ 
 []

[86]
Overfull \hbox (14.21333pt too wide) in paragraph at lines 1263--1265
\T1/cmr/m/n/10.95 PYTHON GSTREAMER API https://github.com/rubenrua/GstreamerCod
eSnippets good
 []


Overfull \hbox (134.71017pt too wide) in paragraph at lines 1267--1268
\T1/cmr/m/n/10.95 Application De-vel-op-ment Man-ual: https://gstreamer.freedes
ktop.org/data/doc/gstreamer/head/manual/manual.pdf 
 []

[87]
chapter 30.

Overfull \hbox (87.19798pt too wide) in paragraph at lines 1275--1277
\T1/cmr/m/n/10.95 them: http://wiki.ros.org/cv_bridge/Tutorials/ConvertingBetwe
enROSImagesAndOpenCVImagesPython 
 []

[88


]
chapter 31.

Overfull \hbox (141.41498pt too wide) in paragraph at lines 1284--1285
[]\T1/cmr/m/n/10.95 cvlc ~/-data/qb/Nor-wich-Leeds1280.mp4 :sout=#transcode{vco
dec=h264}:"rtp{dst=127.0.0.1,port=9001,mux=ts}" 
 []


Overfull \hbox (497.31886pt too wide) in paragraph at lines 1289--1293
\T1/cmr/m/n/10.95 :v4l2-height=240 :v4l2-standard=45056 :chan-nel=1 --no-sout-a
udio --sout '#transcode{vb="1600",vcodec=mpgv,acodec=mpga,venc=ffmpeg}:rtp{prot
o=udp,mux=ts,dst=127.0.0.1,port=9001}'
 []

[89


]
chapter 32.
<figs/openshot.png, id=2442, 1143.27126pt x 791.95876pt>
File: figs/openshot.png Graphic file (type png)

<use figs/openshot.png>
Package pdftex.def Info: figs/openshot.png used on input line 1300.
(pdftex.def)             Requested size: 418.25555pt x 289.73323pt.
 [90


] [91 <./figs/openshot.png>] [92]
part IV.
Package scrkbase Info: You've told me to use the font selection of the element
(scrkbase)             `partprefix' that is an alias of element `partnumber'
(scrkbase)              on input line 1338.
[93


]
chapter 33.
[94


]
chapter 34.
[95


]
chapter 35.
[96


]
chapter 36.
[97


]
chapter 37.

Overfull \hbox (118.53671pt too wide) in paragraph at lines 1404--1405
[]\T1/cmr/m/n/10.95 cvlc -vvv v4l2:///dev/video0 --sout '#transcode{vcodec=mp2v
,vb=800,acodec=none}:rtp{sdp=rtsp://:8554/}' 
 []


Overfull \hbox (114.60773pt too wide) in paragraph at lines 1406--1408
[]\T1/cmr/m/n/10.95 cvlc -vvv v4l2:///dev/video0 --sout '#transcode{vcodec=h264
,vb=800,acodec=none}:rtp{sdp=rtsp://:8554/}'
 []


Overfull \hbox (283.59274pt too wide) in paragraph at lines 1413--1415
[]\T1/cmr/m/n/10.95 :sout=#transcode{vcodec=h264,acodec=mpga,ab=128,channels=2,
samplerate=44100}:rtp{dst=127.0.0.1,port=5004,mux=ts,sap,name=stream}
 []

[98


]
chapter 38.
[99


]
chapter 39.

Overfull \hbox (123.88217pt too wide) in paragraph at lines 1448--1449
[]\T1/cmr/m/n/10.95 RTP/UDP sock-ets from GStreamer or vlc via GStreamer (http:
//stackoverflow.com/questions/13564817/python-
 []

[100


]
chapter 40.
[101


]
chapter 41.
[102


]
chapter 42.
[103


]
chapter 43.
[104


]
part V.
Package scrkbase Info: You've told me to use the font selection of the element
(scrkbase)             `partprefix' that is an alias of element `partnumber'
(scrkbase)              on input line 1494.
[105


]
chapter 44.
[106


] [107]
! Missing $ inserted.
<inserted text> 
                $
l.1605 
       
? 
[108]
! You can't use `macro parameter character #' in horizontal mode.
l.1637 ...etween-identical-usb-to-serial-adapters#
                                                  50412 for more details.)
? 

Overfull \hbox (5.85367pt too wide) in paragraph at lines 1637--1638
[]\T1/cmr/m/n/10.95 (See http://askubuntu.com/questions/49910/how-to-distinguis
h-between-identical-usb-
 []

[109] [110]
chapter 45.
[111


] [112] [113] [114] [115]
Overfull \hbox (3.60423pt too wide) in paragraph at lines 1942--1947
\T1/cmr/m/n/10.95 setup we have to con-fig-ure ipt-a-bles cor-rectly. You will 
need to edit /etc/sysconfig/iptables-
 []


Overfull \hbox (17.66942pt too wide) in paragraph at lines 1942--1947
\T1/cmr/m/n/10.95 config and make sure IPT-A-BLES_MODULES_UNLOAD, IPT-A-BLES_SA
VE_ON_STOP,
 []

! You can't use `macro parameter character #' in horizontal mode.
l.1959 ... want a router not a bridge.  brctl    #
                                                  add bridge, assign cards t...

? 
[116]
! You can't use `macro parameter character #' in horizontal mode.
l.2001     service sshd status  #
                                 to check its running
? 
! Missing $ inserted.
<inserted text> 
                $
l.2003 .../iptables-config and make sure IPTABLES_
                                                  MODULES_UNLOAD, IPTABLES_S...

? 
! Missing $ inserted.
<inserted text> 
                $
l.2004 
       
? 

Overfull \hbox (364.15463pt too wide) in paragraph at lines 2003--2004
\T1/cmr/m/n/10.95 /etc/sysconfig/iptables-config and make sure IPTABLES$[]\OML/
cmm/m/it/10.95 ODULES[]NLOAD; IPTABLES[]AVE[]N[]TOP; andIPTABLES[]AVE[]N[]ESTAR
Tareallsetto[]yes[]$ 
 []

[117]
! You can't use `macro parameter character #' in horizontal mode.
l.2068 /etc/sysconfig/dhcpd #
                             lists which card to serve DHCP on (we use p1p1)...

? 
! You can't use `macro parameter character #' in horizontal mode.
l.2069 /etc/dhcp/dhcpd.conf   #
                               lists all machines, ubisensors etc, which sub...

? 
[118]
! You can't use `macro parameter character #' in horizontal mode.
l.2092     sudo dhclient -v -r   #
                                  release IP, verbose
? 
! You can't use `macro parameter character #' in horizontal mode.
l.2093     sudo dhclient -v      #
                                  request new IP, verbose (useful)
? 
! You can't use `macro parameter character #' in horizontal mode.
l.2094     sudo dhclient -v eth0     #
                                      force which card to use (if above does...

? 
[119]
Package atveryend Info: Empty hook `BeforeClearDocument' on input line 2220.
 [120]
Package atveryend Info: Empty hook `AfterLastShipout' on input line 2220.
 (./linuxMultimedia.aux)
Package atveryend Info: Executing hook `AtVeryEndDocument' on input line 2220.
Package atveryend Info: Executing hook `AtEndAfterFileList' on input line 2220.



Package rerunfilecheck Warning: File `linuxMultimedia.out' has changed.
(rerunfilecheck)                Rerun to get outlines right
(rerunfilecheck)                or use package `bookmark'.

Package rerunfilecheck Info: Checksums for `linuxMultimedia.out':
(rerunfilecheck)             Before: A2F4B090D6D95F04CBCCA24D617852D4;10419
(rerunfilecheck)             After:  CA43F8C8A5CA619B1101828C4E813902;10420.

LaTeX Warning: There were multiply-defined labels.

Package atveryend Info: Empty hook `AtVeryVeryEnd' on input line 2220.
 ) 
Here is how much of TeX's memory you used:
 10957 strings out of 494953
 165628 string characters out of 6180976
 437259 words of memory out of 5000000
 12463 multiletter control sequences out of 15000+600000
 16874 words of font info for 42 fonts, out of 8000000 for 9000
 14 hyphenation exceptions out of 8191
 41i,8n,66p,1966b,1801s stack positions out of 5000i,500n,10000p,200000b,80000s
 </home/charles/.texmf-var/fonts/pk/ljfour/jknappen/ec/ecti1095.600pk> </home
/charles/.texmf-var/fonts/pk/ljfour/jknappen/ec/ecsx2488.600pk> </home/charles/
.texmf-var/fonts/pk/ljfour/jknappen/ec/ectt1000.600pk> </home/charles/.texmf-va
r/fonts/pk/ljfour/jknappen/ec/ecsx1440.600pk> </home/charles/.texmf-var/fonts/p
k/ljfour/jknappen/ec/ectt1095.600pk> </home/charles/.texmf-var/fonts/pk/ljfour/
jknappen/ec/ecsl1095.600pk> </home/charles/.texmf-var/fonts/pk/ljfour/jknappen/
ec/ecsx1200.600pk> </home/charles/.texmf-var/fonts/pk/ljfour/jknappen/ec/ecsx10
95.600pk> </home/charles/.texmf-var/fonts/pk/ljfour/jknappen/ec/ecrm1095.600pk>
 </home/charles/.texmf-var/fonts/pk/ljfour/jknappen/ec/ecrm1440.600pk> </home/c
harles/.texmf-var/fonts/pk/ljfour/jknappen/ec/ecsx2074.600pk></usr/share/texliv
e/texmf-dist/fonts/type1/public/amsfonts/cm/cmmi10.pfb></usr/share/texlive/texm
f-dist/fonts/type1/public/amsfonts/cm/cmmi8.pfb></usr/share/texlive/texmf-dist/
fonts/type1/public/amsfonts/cm/cmr10.pfb></usr/share/texlive/texmf-dist/fonts/t
ype1/public/amsfonts/cm/cmsy10.pfb></usr/share/texlive/texmf-dist/fonts/type1/p
ublic/amsfonts/cm/cmsy8.pfb></usr/share/texlive/texmf-dist/fonts/type1/public/a
msfonts/cm/cmtt10.pfb>
Output written on linuxMultimedia.pdf (120 pages, 1029549 bytes).
PDF statistics:
 3808 PDF objects out of 4296 (max. 8388607)
 2950 compressed objects within 30 object streams
 1620 named destinations out of 1728 (max. 500000)
 1340 words of extra memory for PDF output out of 10000 (max. 10000000)

