Determining if the CL_VERSION_2_0 exist failed with the following output:
Change Dir: /home/charles/Dropbox/test/cl/CMakeFiles/CMakeTmp

Run Build Command:"/usr/bin/make" "cmTC_59bbc/fast"
/usr/bin/make -f CMakeFiles/cmTC_59bbc.dir/build.make CMakeFiles/cmTC_59bbc.dir/build
make[1]: Entering directory '/home/charles/Dropbox/test/cl/CMakeFiles/CMakeTmp'
Building C object CMakeFiles/cmTC_59bbc.dir/CheckSymbolExists.c.o
/usr/bin/cc     -o CMakeFiles/cmTC_59bbc.dir/CheckSymbolExists.c.o   -c /home/charles/Dropbox/test/cl/CMakeFiles/CMakeTmp/CheckSymbolExists.c
/home/charles/Dropbox/test/cl/CMakeFiles/CMakeTmp/CheckSymbolExists.c:2:47: fatal error: OpenCL_INCLUDE_DIR-NOTFOUND/CL/cl.h: No such file or directory
compilation terminated.
CMakeFiles/cmTC_59bbc.dir/build.make:65: recipe for target 'CMakeFiles/cmTC_59bbc.dir/CheckSymbolExists.c.o' failed
make[1]: *** [CMakeFiles/cmTC_59bbc.dir/CheckSymbolExists.c.o] Error 1
make[1]: Leaving directory '/home/charles/Dropbox/test/cl/CMakeFiles/CMakeTmp'
Makefile:126: recipe for target 'cmTC_59bbc/fast' failed
make: *** [cmTC_59bbc/fast] Error 2

File /home/charles/Dropbox/test/cl/CMakeFiles/CMakeTmp/CheckSymbolExists.c:
/* */
#include <OpenCL_INCLUDE_DIR-NOTFOUND/CL/cl.h>

int main(int argc, char** argv)
{
  (void)argv;
#ifndef CL_VERSION_2_0
  return ((int*)(&CL_VERSION_2_0))[argc];
#else
  (void)argc;
  return 0;
#endif
}

Determining if the CL_VERSION_1_2 exist failed with the following output:
Change Dir: /home/charles/Dropbox/test/cl/CMakeFiles/CMakeTmp

Run Build Command:"/usr/bin/make" "cmTC_0b6eb/fast"
/usr/bin/make -f CMakeFiles/cmTC_0b6eb.dir/build.make CMakeFiles/cmTC_0b6eb.dir/build
make[1]: Entering directory '/home/charles/Dropbox/test/cl/CMakeFiles/CMakeTmp'
Building C object CMakeFiles/cmTC_0b6eb.dir/CheckSymbolExists.c.o
/usr/bin/cc     -o CMakeFiles/cmTC_0b6eb.dir/CheckSymbolExists.c.o   -c /home/charles/Dropbox/test/cl/CMakeFiles/CMakeTmp/CheckSymbolExists.c
/home/charles/Dropbox/test/cl/CMakeFiles/CMakeTmp/CheckSymbolExists.c:2:47: fatal error: OpenCL_INCLUDE_DIR-NOTFOUND/CL/cl.h: No such file or directory
compilation terminated.
CMakeFiles/cmTC_0b6eb.dir/build.make:65: recipe for target 'CMakeFiles/cmTC_0b6eb.dir/CheckSymbolExists.c.o' failed
make[1]: *** [CMakeFiles/cmTC_0b6eb.dir/CheckSymbolExists.c.o] Error 1
make[1]: Leaving directory '/home/charles/Dropbox/test/cl/CMakeFiles/CMakeTmp'
Makefile:126: recipe for target 'cmTC_0b6eb/fast' failed
make: *** [cmTC_0b6eb/fast] Error 2

File /home/charles/Dropbox/test/cl/CMakeFiles/CMakeTmp/CheckSymbolExists.c:
/* */
#include <OpenCL_INCLUDE_DIR-NOTFOUND/CL/cl.h>

int main(int argc, char** argv)
{
  (void)argv;
#ifndef CL_VERSION_1_2
  return ((int*)(&CL_VERSION_1_2))[argc];
#else
  (void)argc;
  return 0;
#endif
}

Determining if the CL_VERSION_1_1 exist failed with the following output:
Change Dir: /home/charles/Dropbox/test/cl/CMakeFiles/CMakeTmp

Run Build Command:"/usr/bin/make" "cmTC_f298d/fast"
/usr/bin/make -f CMakeFiles/cmTC_f298d.dir/build.make CMakeFiles/cmTC_f298d.dir/build
make[1]: Entering directory '/home/charles/Dropbox/test/cl/CMakeFiles/CMakeTmp'
Building C object CMakeFiles/cmTC_f298d.dir/CheckSymbolExists.c.o
/usr/bin/cc     -o CMakeFiles/cmTC_f298d.dir/CheckSymbolExists.c.o   -c /home/charles/Dropbox/test/cl/CMakeFiles/CMakeTmp/CheckSymbolExists.c
/home/charles/Dropbox/test/cl/CMakeFiles/CMakeTmp/CheckSymbolExists.c:2:47: fatal error: OpenCL_INCLUDE_DIR-NOTFOUND/CL/cl.h: No such file or directory
compilation terminated.
CMakeFiles/cmTC_f298d.dir/build.make:65: recipe for target 'CMakeFiles/cmTC_f298d.dir/CheckSymbolExists.c.o' failed
make[1]: *** [CMakeFiles/cmTC_f298d.dir/CheckSymbolExists.c.o] Error 1
make[1]: Leaving directory '/home/charles/Dropbox/test/cl/CMakeFiles/CMakeTmp'
Makefile:126: recipe for target 'cmTC_f298d/fast' failed
make: *** [cmTC_f298d/fast] Error 2

File /home/charles/Dropbox/test/cl/CMakeFiles/CMakeTmp/CheckSymbolExists.c:
/* */
#include <OpenCL_INCLUDE_DIR-NOTFOUND/CL/cl.h>

int main(int argc, char** argv)
{
  (void)argv;
#ifndef CL_VERSION_1_1
  return ((int*)(&CL_VERSION_1_1))[argc];
#else
  (void)argc;
  return 0;
#endif
}

Determining if the CL_VERSION_1_0 exist failed with the following output:
Change Dir: /home/charles/Dropbox/test/cl/CMakeFiles/CMakeTmp

Run Build Command:"/usr/bin/make" "cmTC_1cc3c/fast"
/usr/bin/make -f CMakeFiles/cmTC_1cc3c.dir/build.make CMakeFiles/cmTC_1cc3c.dir/build
make[1]: Entering directory '/home/charles/Dropbox/test/cl/CMakeFiles/CMakeTmp'
Building C object CMakeFiles/cmTC_1cc3c.dir/CheckSymbolExists.c.o
/usr/bin/cc     -o CMakeFiles/cmTC_1cc3c.dir/CheckSymbolExists.c.o   -c /home/charles/Dropbox/test/cl/CMakeFiles/CMakeTmp/CheckSymbolExists.c
/home/charles/Dropbox/test/cl/CMakeFiles/CMakeTmp/CheckSymbolExists.c:2:47: fatal error: OpenCL_INCLUDE_DIR-NOTFOUND/CL/cl.h: No such file or directory
compilation terminated.
CMakeFiles/cmTC_1cc3c.dir/build.make:65: recipe for target 'CMakeFiles/cmTC_1cc3c.dir/CheckSymbolExists.c.o' failed
make[1]: *** [CMakeFiles/cmTC_1cc3c.dir/CheckSymbolExists.c.o] Error 1
make[1]: Leaving directory '/home/charles/Dropbox/test/cl/CMakeFiles/CMakeTmp'
Makefile:126: recipe for target 'cmTC_1cc3c/fast' failed
make: *** [cmTC_1cc3c/fast] Error 2

File /home/charles/Dropbox/test/cl/CMakeFiles/CMakeTmp/CheckSymbolExists.c:
/* */
#include <OpenCL_INCLUDE_DIR-NOTFOUND/CL/cl.h>

int main(int argc, char** argv)
{
  (void)argv;
#ifndef CL_VERSION_1_0
  return ((int*)(&CL_VERSION_1_0))[argc];
#else
  (void)argc;
  return 0;
#endif
}

